2025-10-29 22:08:12 [INFO] com.parabank.qa.listeners.ExtentReportListener: ‚úÖ -----Test Started-----: runScenario
2025-10-29 22:08:12 [INFO] com.parabank.qa.hooks.Hooks: üîß [Before] Starting driver setup for scenario
2025-10-29 22:08:14 [INFO] com.parabank.qa.hooks.Hooks: üåê Navigating to URL: https://parabank.parasoft.com/
2025-10-29 22:08:15 [INFO] com.parabank.qa.hooks.Hooks: üìù ExtentTest started for scenario: Valid login with correct credentials
2025-10-29 22:08:15 [INFO] com.parabank.qa.helpers.AssertionHelper: ‚úÖ Assert TRUE: User is on login page
2025-10-29 22:08:36 [INFO] com.parabank.qa.hooks.Hooks: üßπ [After] Cleaning up driver after scenario
2025-10-29 22:08:36 [ERROR] com.parabank.qa.hooks.Hooks: ‚ùå Scenario Failed: Valid login with correct credentials
2025-10-29 22:08:37 [INFO] com.parabank.qa.helpers.ScreenshotUtil: üì∏ Screenshot captured: logs/run_20251029_220811/screenshots/Valid_login_with_correct_credentials_20251029_220837.png
2025-10-29 22:08:37 [ERROR] com.parabank.qa.listeners.ExtentReportListener: ‚ùå---- Test Failed----: runScenario
org.openqa.selenium.TimeoutException: Expected condition failed: waiting for title to be "ParaBank | Accounts Overview". Current title: "ParaBank | Error" (tried for 20 second(s) with 500 milliseconds interval)
Build info: version: '4.21.0', revision: '79ed462ef4'
System info: os.name: 'Windows 11', os.arch: 'amd64', os.version: '10.0', java.version: '21.0.6'
Driver info: org.openqa.selenium.chrome.ChromeDriver
Capabilities {acceptInsecureCerts: false, browserName: chrome, browserVersion: 141.0.7390.123, chrome: {chromedriverVersion: 141.0.7390.122 (b477534e7e1..., userDataDir: C:\Users\thati\AppData\Loca...}, fedcm:accounts: true, goog:chromeOptions: {debuggerAddress: localhost:59046}, networkConnectionEnabled: false, pageLoadStrategy: normal, platformName: windows, proxy: Proxy(), se:cdp: ws://localhost:59046/devtoo..., se:cdpVersion: 141.0.7390.123, setWindowRect: true, strictFileInteractability: false, timeouts: {implicit: 0, pageLoad: 300000, script: 30000}, unhandledPromptBehavior: dismiss and notify, webauthn:extension:credBlob: true, webauthn:extension:largeBlob: true, webauthn:extension:minPinLength: true, webauthn:extension:prf: true, webauthn:virtualAuthenticators: true}
Session ID: 8ead816ef327cb49e3b04951e411f6bc
	at org.openqa.selenium.support.ui.WebDriverWait.timeoutException(WebDriverWait.java:84)
	at org.openqa.selenium.support.ui.FluentWait.until(FluentWait.java:228)
	at com.parabank.qa.helpers.WaitHelper.waitForTitleToBe(WaitHelper.java:40)
	at com.parabank.qa.stepdefinitions.LoginSteps.user_should_land_on(LoginSteps.java:50)
	at ‚úΩ.user should land on "Accounts Overview"(file:///C:/Users/thati/git/parabank_local_repo/parabank/src/test/resources/features/login.feature:9)
2025-10-29 22:08:37 [ERROR] com.parabank.qa.helpers.ScreenshotUtil: WebDriver instance is null. Cannot take screenshot.
2025-10-29 22:08:37 [INFO] com.parabank.qa.listeners.ExtentReportListener: ‚úÖ -----Test Started-----: runScenario
2025-10-29 22:08:37 [INFO] com.parabank.qa.hooks.Hooks: üîß [Before] Starting driver setup for scenario
2025-10-29 22:08:39 [INFO] com.parabank.qa.hooks.Hooks: üåê Navigating to URL: https://parabank.parasoft.com/
2025-10-29 22:08:40 [INFO] com.parabank.qa.hooks.Hooks: üìù ExtentTest started for scenario: Valid login with correct credentials
2025-10-29 22:08:40 [INFO] com.parabank.qa.helpers.AssertionHelper: ‚úÖ Assert TRUE: User is on login page
2025-10-29 22:09:02 [INFO] com.parabank.qa.hooks.Hooks: üßπ [After] Cleaning up driver after scenario
2025-10-29 22:09:02 [ERROR] com.parabank.qa.hooks.Hooks: ‚ùå Scenario Failed: Valid login with correct credentials
2025-10-29 22:09:02 [INFO] com.parabank.qa.helpers.ScreenshotUtil: üì∏ Screenshot captured: logs/run_20251029_220811/screenshots/Valid_login_with_correct_credentials_20251029_220902.png
2025-10-29 22:09:02 [ERROR] com.parabank.qa.listeners.ExtentReportListener: ‚ùå---- Test Failed----: runScenario
org.openqa.selenium.TimeoutException: Expected condition failed: waiting for title to be "ParaBank | Accounts Overview". Current title: "ParaBank | Error" (tried for 20 second(s) with 500 milliseconds interval)
Build info: version: '4.21.0', revision: '79ed462ef4'
System info: os.name: 'Windows 11', os.arch: 'amd64', os.version: '10.0', java.version: '21.0.6'
Driver info: org.openqa.selenium.chrome.ChromeDriver
Capabilities {acceptInsecureCerts: false, browserName: chrome, browserVersion: 141.0.7390.123, chrome: {chromedriverVersion: 141.0.7390.122 (b477534e7e1..., userDataDir: C:\Users\thati\AppData\Loca...}, fedcm:accounts: true, goog:chromeOptions: {debuggerAddress: localhost:59086}, networkConnectionEnabled: false, pageLoadStrategy: normal, platformName: windows, proxy: Proxy(), se:cdp: ws://localhost:59086/devtoo..., se:cdpVersion: 141.0.7390.123, setWindowRect: true, strictFileInteractability: false, timeouts: {implicit: 0, pageLoad: 300000, script: 30000}, unhandledPromptBehavior: dismiss and notify, webauthn:extension:credBlob: true, webauthn:extension:largeBlob: true, webauthn:extension:minPinLength: true, webauthn:extension:prf: true, webauthn:virtualAuthenticators: true}
Session ID: 493e90230aec45cc2751e6012cf30c58
	at org.openqa.selenium.support.ui.WebDriverWait.timeoutException(WebDriverWait.java:84)
	at org.openqa.selenium.support.ui.FluentWait.until(FluentWait.java:228)
	at com.parabank.qa.helpers.WaitHelper.waitForTitleToBe(WaitHelper.java:40)
	at com.parabank.qa.stepdefinitions.LoginSteps.user_should_land_on(LoginSteps.java:50)
	at ‚úΩ.user should land on "Accounts Overview"(file:///C:/Users/thati/git/parabank_local_repo/parabank/src/test/resources/features/login.feature:9)
2025-10-29 22:09:02 [ERROR] com.parabank.qa.helpers.ScreenshotUtil: WebDriver instance is null. Cannot take screenshot.
2025-10-29 22:09:03 [INFO] com.parabank.qa.listeners.ExtentReportListener: üìÑ Extent Report Flushed and Finalized.
