2025-10-29 22:15:23 [INFO] com.parabank.qa.listeners.ExtentReportListener: ‚úÖ -----Test Started-----: runScenario
2025-10-29 22:15:23 [INFO] com.parabank.qa.hooks.Hooks: üîß [Before] Starting driver setup for scenario
2025-10-29 22:15:25 [INFO] com.parabank.qa.hooks.Hooks: üåê Navigating to URL: https://parabank.parasoft.com/
2025-10-29 22:15:26 [INFO] com.parabank.qa.hooks.Hooks: üìù ExtentTest started for scenario: Valid login with correct credentials
2025-10-29 22:15:26 [INFO] com.parabank.qa.helpers.AssertionHelper: ‚úÖ Assert TRUE: User is on login page
2025-10-29 22:15:48 [INFO] com.parabank.qa.hooks.Hooks: üßπ [After] Cleaning up driver after scenario
2025-10-29 22:15:48 [ERROR] com.parabank.qa.hooks.Hooks: ‚ùå Scenario Failed: Valid login with correct credentials
2025-10-29 22:15:48 [INFO] com.parabank.qa.helpers.ScreenshotUtil: üì∏ Screenshot captured: logs/run_20251029_221522/screenshots/Valid_login_with_correct_credentials_20251029_221548.png
2025-10-29 22:15:49 [ERROR] com.parabank.qa.listeners.ExtentReportListener: ‚ùå---- Test Failed----: runScenario
org.openqa.selenium.TimeoutException: Expected condition failed: waiting for title to be "ParaBank | Accounts Overview". Current title: "ParaBank | Error" (tried for 20 second(s) with 500 milliseconds interval)
Build info: version: '4.21.0', revision: '79ed462ef4'
System info: os.name: 'Windows 11', os.arch: 'amd64', os.version: '10.0', java.version: '21.0.6'
Driver info: org.openqa.selenium.chrome.ChromeDriver
Capabilities {acceptInsecureCerts: false, browserName: chrome, browserVersion: 141.0.7390.123, chrome: {chromedriverVersion: 141.0.7390.122 (b477534e7e1..., userDataDir: C:\Users\thati\AppData\Loca...}, fedcm:accounts: true, goog:chromeOptions: {debuggerAddress: localhost:55862}, networkConnectionEnabled: false, pageLoadStrategy: normal, platformName: windows, proxy: Proxy(), se:cdp: ws://localhost:55862/devtoo..., se:cdpVersion: 141.0.7390.123, setWindowRect: true, strictFileInteractability: false, timeouts: {implicit: 0, pageLoad: 300000, script: 30000}, unhandledPromptBehavior: dismiss and notify, webauthn:extension:credBlob: true, webauthn:extension:largeBlob: true, webauthn:extension:minPinLength: true, webauthn:extension:prf: true, webauthn:virtualAuthenticators: true}
Session ID: b96ea4d19f3104a8570640fac2cf2020
	at org.openqa.selenium.support.ui.WebDriverWait.timeoutException(WebDriverWait.java:84)
	at org.openqa.selenium.support.ui.FluentWait.until(FluentWait.java:228)
	at com.parabank.qa.helpers.WaitHelper.waitForTitleToBe(WaitHelper.java:40)
	at com.parabank.qa.stepdefinitions.LoginSteps.user_should_land_on(LoginSteps.java:50)
	at ‚úΩ.user should land on "Accounts Overview"(file:///C:/Users/thati/git/parabank_local_repo/parabank/src/test/resources/features/login.feature:9)
2025-10-29 22:15:49 [ERROR] com.parabank.qa.helpers.ScreenshotUtil: WebDriver instance is null. Cannot take screenshot.
2025-10-29 22:15:49 [INFO] com.parabank.qa.listeners.ExtentReportListener: ‚úÖ -----Test Started-----: runScenario
2025-10-29 22:15:49 [INFO] com.parabank.qa.hooks.Hooks: üîß [Before] Starting driver setup for scenario
2025-10-29 22:15:50 [INFO] com.parabank.qa.hooks.Hooks: üåê Navigating to URL: https://parabank.parasoft.com/
2025-10-29 22:15:51 [INFO] com.parabank.qa.hooks.Hooks: üìù ExtentTest started for scenario: Valid login with correct credentials
2025-10-29 22:15:51 [INFO] com.parabank.qa.helpers.AssertionHelper: ‚úÖ Assert TRUE: User is on login page
2025-10-29 22:16:13 [INFO] com.parabank.qa.hooks.Hooks: üßπ [After] Cleaning up driver after scenario
2025-10-29 22:16:13 [ERROR] com.parabank.qa.hooks.Hooks: ‚ùå Scenario Failed: Valid login with correct credentials
2025-10-29 22:16:13 [INFO] com.parabank.qa.helpers.ScreenshotUtil: üì∏ Screenshot captured: logs/run_20251029_221522/screenshots/Valid_login_with_correct_credentials_20251029_221613.png
2025-10-29 22:16:13 [ERROR] com.parabank.qa.listeners.ExtentReportListener: ‚ùå---- Test Failed----: runScenario
org.openqa.selenium.TimeoutException: Expected condition failed: waiting for title to be "ParaBank | Accounts Overview". Current title: "ParaBank | Error" (tried for 20 second(s) with 500 milliseconds interval)
Build info: version: '4.21.0', revision: '79ed462ef4'
System info: os.name: 'Windows 11', os.arch: 'amd64', os.version: '10.0', java.version: '21.0.6'
Driver info: org.openqa.selenium.chrome.ChromeDriver
Capabilities {acceptInsecureCerts: false, browserName: chrome, browserVersion: 141.0.7390.123, chrome: {chromedriverVersion: 141.0.7390.122 (b477534e7e1..., userDataDir: C:\Users\thati\AppData\Loca...}, fedcm:accounts: true, goog:chromeOptions: {debuggerAddress: localhost:54463}, networkConnectionEnabled: false, pageLoadStrategy: normal, platformName: windows, proxy: Proxy(), se:cdp: ws://localhost:54463/devtoo..., se:cdpVersion: 141.0.7390.123, setWindowRect: true, strictFileInteractability: false, timeouts: {implicit: 0, pageLoad: 300000, script: 30000}, unhandledPromptBehavior: dismiss and notify, webauthn:extension:credBlob: true, webauthn:extension:largeBlob: true, webauthn:extension:minPinLength: true, webauthn:extension:prf: true, webauthn:virtualAuthenticators: true}
Session ID: 65b0f84b715c83a435cb95e0942e55b4
	at org.openqa.selenium.support.ui.WebDriverWait.timeoutException(WebDriverWait.java:84)
	at org.openqa.selenium.support.ui.FluentWait.until(FluentWait.java:228)
	at com.parabank.qa.helpers.WaitHelper.waitForTitleToBe(WaitHelper.java:40)
	at com.parabank.qa.stepdefinitions.LoginSteps.user_should_land_on(LoginSteps.java:50)
	at ‚úΩ.user should land on "Accounts Overview"(file:///C:/Users/thati/git/parabank_local_repo/parabank/src/test/resources/features/login.feature:9)
2025-10-29 22:16:13 [ERROR] com.parabank.qa.helpers.ScreenshotUtil: WebDriver instance is null. Cannot take screenshot.
2025-10-29 22:16:13 [INFO] com.parabank.qa.listeners.ExtentReportListener: ‚úÖ -----Test Started-----: runScenario
2025-10-29 22:16:13 [INFO] com.parabank.qa.hooks.Hooks: üîß [Before] Starting driver setup for scenario
2025-10-29 22:16:14 [INFO] com.parabank.qa.hooks.Hooks: üåê Navigating to URL: https://parabank.parasoft.com/
2025-10-29 22:16:15 [INFO] com.parabank.qa.hooks.Hooks: üìù ExtentTest started for scenario: User registers with valid details from data table
2025-10-29 22:16:20 [INFO] com.parabank.qa.helpers.AssertionHelper: ‚úÖ Assert TRUE: Registration successful
2025-10-29 22:16:20 [INFO] com.parabank.qa.hooks.Hooks: üßπ [After] Cleaning up driver after scenario
2025-10-29 22:16:20 [INFO] com.parabank.qa.listeners.ExtentReportListener: ‚úÖ ----Test Passed-----: runScenario
2025-10-29 22:16:21 [INFO] com.parabank.qa.listeners.ExtentReportListener: üìÑ Extent Report Flushed and Finalized.
